[4266:Main Thread]: D/nsHostResolver nsHostResolver::Init this=0xffffbe258940
[4266:Main Thread]: D/nsHostResolver Initialized TRRService
[4266:Socket Thread]: D/nsSocketTransport STS thread init 1000 sockets
[4266:Main Thread]: D/nsSocketTransport STS dispatch [0xffffb6e81b80]
[4266:Socket Thread]: D/nsSocketTransport PollableEvent() using pipe
[4266:Socket Thread]: D/nsSocketTransport PollableEvent() ctor ok
[4266:Socket Thread]: D/nsSocketTransport STS poll iter
[4266:Socket Thread]: D/nsSocketTransport   calling PR_Poll [active=0 idle=0]
[4266:Socket Thread]: D/nsSocketTransport     timeout = 0 milliseconds
[4266:Socket Thread]: D/nsSocketTransport     ...returned after 0 milliseconds
[4266:Socket Thread]: D/nsSocketTransport PollableEvent::Clear
[4266:Socket Thread]: D/nsSocketTransport PollableEvent::Signal PR_Read 1
[4266:Socket Thread]: D/nsSocketTransport STS dispatch [0xffffb6e81d40]
[4266:Socket Thread]: D/nsSocketTransport OnDispatchedEvent Same Thread Skip Signal
[4266:Socket Thread]: D/nsSocketTransport nsSocketTransportService::OnKeepaliveEnabledPrefChange enabled
[4266:Socket Thread]: D/nsSocketTransport STS poll iter
[4266:Socket Thread]: D/nsSocketTransport   calling PR_Poll [active=0 idle=0]
[4266:Socket Thread]: D/nsSocketTransport     timeout = -1 milliseconds
[4266:Main Thread]: D/nsHttp Creating nsHttpHandler [this=0xffffaede4400].
[4266:Main Thread]: D/nsHttp nsHttpHandler::SetFastOpenOSSupport version 4.19.13-cip1-yocto-standard
[4266:Main Thread]: D/nsHttp nsHttpHandler::SetFastOpenOSSupport  supported.
[4266:Main Thread]: D/nsHttp nsHttpHandler::Init
[4266:Main Thread]: D/nsHttp nsHttpHandler::PrefsChanged [pref=(null)]
[4266:Main Thread]: D/nsHttp nsHttpHandler::PrefsChanged Security Pref Changed (null)
[4266:Main Thread]: D/nsHttp nsHttpHandler::MakeNewRequestTokenBucket this=0xffffaede4400 child=0
[4266:Main Thread]: V/nsHttp Creating nsHttpConnectionMgr @0xffffae3cdbb0
[4266:Main Thread]: V/nsHttp nsHttpConnectionMgr::Init
[4266:Main Thread]: D/nsHttp nsHttpHandler::MakeNewRequestTokenBucket this=0xffffaede4400 child=0
[4266:Main Thread]: D/nsSocketTransport EventTokenBucket::SetRate 0xffffae3e1100 80 10
[4266:Main Thread]: D/nsSocketTransport STS dispatch [0xffffae3802c0]
[4266:Main Thread]: D/nsSocketTransport PollableEvent::Signal
[4266:Main Thread]: D/nsSocketTransport PollableEvent::Signal PR_Write 1
[4266:Socket Thread]: D/nsSocketTransport     ...returned after 3362 milliseconds
[4266:Socket Thread]: D/nsSocketTransport PollableEvent::Clear
[4266:Socket Thread]: D/nsSocketTransport PollableEvent::Signal PR_Read 1
[4266:Socket Thread]: D/nsSocketTransport STS dispatch [0xffffae380340]
[4266:Socket Thread]: D/nsSocketTransport OnDispatchedEvent Same Thread Skip Signal
[4266:Socket Thread]: D/nsSocketTransport STS poll iter
[4266:Socket Thread]: D/nsSocketTransport   calling PR_Poll [active=0 idle=0]
[4266:Socket Thread]: D/nsSocketTransport     timeout = -1 milliseconds
[4266:Main Thread]: D/nsHttp NS_CompareLoadInfoAndLoadContext - loadInfo: 0, 0, 0; loadContext: 0 0, 0. [channel=0xffffa5e73238]
[4266:Main Thread]: D/nsHttp NS_CompareLoadInfoAndLoadContext - loadInfo: 0, 0, 0; loadContext: 0 0, 0. [channel=0xffffa5e733b8]
Attempting load of libEGL.so
