[4384:Main Thread]: D/nsHostResolver nsHostResolver::Init this=0xffff8f458940
[4384:Main Thread]: D/nsHostResolver Initialized TRRService
[4384:Main Thread]: D/nsSocketTransport STS dispatch [0xffff88081a40]
[4384:Socket Thread]: D/nsSocketTransport STS thread init 1000 sockets
[4384:Socket Thread]: D/nsSocketTransport PollableEvent() using pipe
[4384:Socket Thread]: D/nsSocketTransport PollableEvent() ctor ok
[4384:Socket Thread]: D/nsSocketTransport STS poll iter
[4384:Socket Thread]: D/nsSocketTransport   calling PR_Poll [active=0 idle=0]
[4384:Socket Thread]: D/nsSocketTransport     timeout = 0 milliseconds
[4384:Socket Thread]: D/nsSocketTransport     ...returned after 1 milliseconds
[4384:Socket Thread]: D/nsSocketTransport PollableEvent::Clear
[4384:Socket Thread]: D/nsSocketTransport PollableEvent::Signal PR_Read 1
[4384:Socket Thread]: D/nsSocketTransport STS dispatch [0xffff8808b680]
[4384:Socket Thread]: D/nsSocketTransport OnDispatchedEvent Same Thread Skip Signal
[4384:Socket Thread]: D/nsSocketTransport nsSocketTransportService::OnKeepaliveEnabledPrefChange enabled
[4384:Socket Thread]: D/nsSocketTransport STS poll iter
[4384:Socket Thread]: D/nsSocketTransport   calling PR_Poll [active=0 idle=0]
[4384:Socket Thread]: D/nsSocketTransport     timeout = -1 milliseconds
[4384:Main Thread]: D/nsHostResolver Shutting down host resolver.
[4384:Main Thread]: D/nsHostResolver nsHostResolver::Init this=0xffff8f458940
[4384:Main Thread]: D/nsHostResolver Calling 'res_ninit'.
[4384:Main Thread]: D/nsHostResolver Exiting TRRService
[4384:Main Thread]: D/nsHostResolver Initialized TRRService
[4384:Main Thread]: D/nsHttp Creating nsHttpHandler [this=0xffff7e6b7000].
[4384:Main Thread]: D/nsHttp nsHttpHandler::SetFastOpenOSSupport version 4.19.13-cip1-yocto-standard
[4384:Main Thread]: D/nsHttp nsHttpHandler::SetFastOpenOSSupport  supported.
[4384:Main Thread]: D/nsHttp nsHttpHandler::Init
[4384:Main Thread]: D/nsHttp nsHttpHandler::PrefsChanged [pref=(null)]
[4384:Main Thread]: D/nsHttp nsHttpHandler::PrefsChanged Security Pref Changed (null)
[4384:Main Thread]: D/nsHttp nsHttpHandler::MakeNewRequestTokenBucket this=0xffff7e6b7000 child=0
[4384:Main Thread]: V/nsHttp Creating nsHttpConnectionMgr @0xffff7b5858d0
[4384:Main Thread]: V/nsHttp nsHttpConnectionMgr::Init
[4384:Main Thread]: D/nsHttp nsHttpHandler::MakeNewRequestTokenBucket this=0xffff7e6b7000 child=0
[4384:Main Thread]: D/nsSocketTransport EventTokenBucket::SetRate 0xffff7b597280 80 10
[4384:Main Thread]: D/nsSocketTransport STS dispatch [0xffff7b5fa8c0]
[4384:Main Thread]: D/nsSocketTransport PollableEvent::Signal
[4384:Main Thread]: D/nsSocketTransport PollableEvent::Signal PR_Write 1
[4384:Socket Thread]: D/nsSocketTransport     ...returned after 1865 milliseconds
[4384:Socket Thread]: D/nsSocketTransport PollableEvent::Clear
[4384:Socket Thread]: D/nsSocketTransport PollableEvent::Signal PR_Read 1
[4384:Socket Thread]: D/nsSocketTransport STS dispatch [0xffff7b5fa940]
[4384:Socket Thread]: D/nsSocketTransport OnDispatchedEvent Same Thread Skip Signal
[4384:Socket Thread]: D/nsSocketTransport STS poll iter
[4384:Socket Thread]: D/nsSocketTransport   calling PR_Poll [active=0 idle=0]
[4384:Socket Thread]: D/nsSocketTransport     timeout = -1 milliseconds
[4384:Main Thread]: D/nsHttp NS_CompareLoadInfoAndLoadContext - loadInfo: 0, 0, 0; loadContext: 0 0, 0. [channel=0xffff77771b38]
Attempting load of libEGL.so

(firefox:4384): Gtk-WARNING **: Error loading theme icon 'edit-clear' for stock:
[4384:Main Thread]: D/nsHttp NS_CompareLoadInfoAndLoadContext - loadInfo: 0, 0, 0; loadContext: 0 0, 0. [channel=0xffff6fbf2e38]
[4384:Main Thread]: D/nsHttp NS_CompareLoadInfoAndLoadContext - loadInfo: 0, 0, 0; loadContext: 0 0, 0. [channel=0xffff701f8d98]
[4384:Main Thread]: D/nsHttp NS_CompareLoadInfoAndLoadContext - loadInfo: 0, 0, 0; loadContext: 0 0, 0. [channel=0xffff6fbf3138]
[4384:Main Thread]: D/nsHttp NS_CompareLoadInfoAndLoadContext - loadInfo: 0, 0, 0; loadContext: 0 0, 0. [channel=0xffff701f8ee8]
[4384:Main Thread]: D/nsHttp NS_CompareLoadInfoAndLoadContext - loadInfo: 0, 0, 0; loadContext: 0 0, 0. [channel=0xffff6fbf3438]
[4384:Main Thread]: D/nsHttp NS_CompareLoadInfoAndLoadContext - loadInfo: 0, 0, 0; loadContext: 0 0, 0. [channel=0xffff751b7ee8]
[4384:Main Thread]: D/nsHttp NS_CompareLoadInfoAndLoadContext - loadInfo: 0, 0, 0; loadContext: 0 0, 0. [channel=0xffff6fbf3738]
[4384:Main Thread]: D/nsHttp NS_CompareLoadInfoAndLoadContext - loadInfo: 0, 0, 0; loadContext: 0 0, 0. [channel=0xffff70269078]
[4384:Main Thread]: D/nsHttp NS_CompareLoadInfoAndLoadContext - loadInfo: 0, 0, 0; loadContext: 0 0, 0. [channel=0xffff6fbf3bb8]
[4384:Main Thread]: D/nsHttp NS_CompareLoadInfoAndLoadContext - loadInfo: 0, 0, 0; loadContext: 0 0, 0. [channel=0xffff702691c8]
[4384:Main Thread]: D/nsHttp NS_CompareLoadInfoAndLoadContext - loadInfo: 0, 0, 0; loadContext: 0 0, 0. [channel=0xffff6fbf3eb8]
[4384:Main Thread]: D/nsHttp NS_CompareLoadInfoAndLoadContext - loadInfo: 0, 0, 0; loadContext: 0 0, 0. [channel=0xffff70269318]
[4384:Main Thread]: D/nsHttp NS_CompareLoadInfoAndLoadContext - loadInfo: 0, 0, 0; loadContext: 0 0, 0. [channel=0xffff7017e538]
[4384:Main Thread]: D/nsHttp nsHttpHandler::BuildUserAgent
JavaScript error: chrome://browser/content/preferences/in-content/search.js, line 48: TypeError: Services.wm.getMostRecentWindow(...) is null
JavaScript error: chrome://browser/content/preferences/in-content/search.js, line 48: TypeError: Services.wm.getMostRecentWindow(...) is null
Gdk-Message: Unable to load hand2 from the cursor theme
Gdk-Message: Unable to load hand2 from the cursor theme
