[3971:Main Thread]: D/nsHostResolver nsHostResolver::Init this=0xffffbb158940
[3971:Main Thread]: D/nsHostResolver Initialized TRRService
[3971:Socket Thread]: D/nsSocketTransport STS thread init 1000 sockets
[3971:Main Thread]: D/nsSocketTransport STS dispatch [0xffffb3c81b80]
[3971:Socket Thread]: D/nsSocketTransport PollableEvent() using pipe
[3971:Socket Thread]: D/nsSocketTransport PollableEvent() ctor ok
[3971:Socket Thread]: D/nsSocketTransport STS poll iter
[3971:Socket Thread]: D/nsSocketTransport   calling PR_Poll [active=0 idle=0]
[3971:Socket Thread]: D/nsSocketTransport     timeout = 0 milliseconds
[3971:Socket Thread]: D/nsSocketTransport     ...returned after 0 milliseconds
[3971:Socket Thread]: D/nsSocketTransport PollableEvent::Clear
[3971:Socket Thread]: D/nsSocketTransport PollableEvent::Signal PR_Read 1
[3971:Socket Thread]: D/nsSocketTransport STS dispatch [0xffffb3c81d40]
[3971:Socket Thread]: D/nsSocketTransport OnDispatchedEvent Same Thread Skip Signal
[3971:Socket Thread]: D/nsSocketTransport nsSocketTransportService::OnKeepaliveEnabledPrefChange enabled
[3971:Socket Thread]: D/nsSocketTransport STS poll iter
[3971:Socket Thread]: D/nsSocketTransport   calling PR_Poll [active=0 idle=0]
[3971:Socket Thread]: D/nsSocketTransport     timeout = -1 milliseconds
[3971:Main Thread]: D/nsHttp Creating nsHttpHandler [this=0xffffaa654c00].
[3971:Main Thread]: D/nsHttp nsHttpHandler::SetFastOpenOSSupport version 4.19.13-cip1-yocto-standard
[3971:Main Thread]: D/nsHttp nsHttpHandler::SetFastOpenOSSupport  supported.
[3971:Main Thread]: D/nsHttp nsHttpHandler::Init
[3971:Main Thread]: D/nsHttp nsHttpHandler::PrefsChanged [pref=(null)]
[3971:Main Thread]: D/nsHttp nsHttpHandler::PrefsChanged Security Pref Changed (null)
[3971:Main Thread]: D/nsHttp nsHttpHandler::MakeNewRequestTokenBucket this=0xffffaa654c00 child=0
[3971:Main Thread]: V/nsHttp Creating nsHttpConnectionMgr @0xffffa75f48d0
[3971:Main Thread]: V/nsHttp nsHttpConnectionMgr::Init
[3971:Main Thread]: D/nsHttp nsHttpHandler::MakeNewRequestTokenBucket this=0xffffaa654c00 child=0
[3971:Main Thread]: D/nsSocketTransport EventTokenBucket::SetRate 0xffffa75eb700 80 10
[3971:Main Thread]: D/nsSocketTransport STS dispatch [0xffffa536f3c0]
[3971:Main Thread]: D/nsSocketTransport PollableEvent::Signal
[3971:Main Thread]: D/nsSocketTransport PollableEvent::Signal PR_Write 1
[3971:Socket Thread]: D/nsSocketTransport     ...returned after 2418 milliseconds
[3971:Socket Thread]: D/nsSocketTransport PollableEvent::Clear
[3971:Socket Thread]: D/nsSocketTransport PollableEvent::Signal PR_Read 1
[3971:Socket Thread]: D/nsSocketTransport STS dispatch [0xffffa536f440]
[3971:Socket Thread]: D/nsSocketTransport OnDispatchedEvent Same Thread Skip Signal
[3971:Socket Thread]: D/nsSocketTransport STS poll iter
[3971:Socket Thread]: D/nsSocketTransport   calling PR_Poll [active=0 idle=0]
[3971:Socket Thread]: D/nsSocketTransport     timeout = -1 milliseconds
[3971:Main Thread]: D/nsHttp NS_CompareLoadInfoAndLoadContext - loadInfo: 0, 0, 0; loadContext: 0 0, 0. [channel=0xffffa75d8b38]
[3971:Main Thread]: D/nsHttp NS_CompareLoadInfoAndLoadContext - loadInfo: 0, 0, 0; loadContext: 0 0, 0. [channel=0xffffa75d8538]
Attempting load of libEGL.so
