[4333:Main Thread]: D/nsHostResolver nsHostResolver::Init this=0xffffa6058940
[4333:Main Thread]: D/nsHostResolver Initialized TRRService
[4333:Main Thread]: D/nsSocketTransport STS dispatch [0xffff9eb81a40]
[4333:Socket Thread]: D/nsSocketTransport STS thread init 1000 sockets
[4333:Socket Thread]: D/nsSocketTransport PollableEvent() using pipe
[4333:Socket Thread]: D/nsSocketTransport PollableEvent() ctor ok
[4333:Socket Thread]: D/nsSocketTransport STS poll iter
[4333:Socket Thread]: D/nsSocketTransport   calling PR_Poll [active=0 idle=0]
[4333:Socket Thread]: D/nsSocketTransport     timeout = 0 milliseconds
[4333:Socket Thread]: D/nsSocketTransport     ...returned after 0 milliseconds
[4333:Socket Thread]: D/nsSocketTransport PollableEvent::Clear
[4333:Socket Thread]: D/nsSocketTransport PollableEvent::Signal PR_Read 1
[4333:Socket Thread]: D/nsSocketTransport STS dispatch [0xffff9eb81dc0]
[4333:Socket Thread]: D/nsSocketTransport OnDispatchedEvent Same Thread Skip Signal
[4333:Socket Thread]: D/nsSocketTransport nsSocketTransportService::OnKeepaliveEnabledPrefChange enabled
[4333:Socket Thread]: D/nsSocketTransport STS poll iter
[4333:Socket Thread]: D/nsSocketTransport   calling PR_Poll [active=0 idle=0]
[4333:Socket Thread]: D/nsSocketTransport     timeout = -1 milliseconds
[4333:Main Thread]: D/nsHostResolver Shutting down host resolver.
[4333:Main Thread]: D/nsHostResolver nsHostResolver::Init this=0xffffa6058940
[4333:Main Thread]: D/nsHostResolver Calling 'res_ninit'.
[4333:Main Thread]: D/nsHostResolver Exiting TRRService
[4333:Main Thread]: D/nsHostResolver Initialized TRRService
[4333:Main Thread]: D/nsHttp Creating nsHttpHandler [this=0xffff951bd000].
[4333:Main Thread]: D/nsHttp nsHttpHandler::SetFastOpenOSSupport version 4.19.13-cip1-yocto-standard
[4333:Main Thread]: D/nsHttp nsHttpHandler::SetFastOpenOSSupport  supported.
[4333:Main Thread]: D/nsHttp nsHttpHandler::Init
[4333:Main Thread]: D/nsHttp nsHttpHandler::PrefsChanged [pref=(null)]
[4333:Main Thread]: D/nsHttp nsHttpHandler::PrefsChanged Security Pref Changed (null)
[4333:Main Thread]: D/nsHttp nsHttpHandler::MakeNewRequestTokenBucket this=0xffff951bd000 child=0
[4333:Main Thread]: V/nsHttp Creating nsHttpConnectionMgr @0xffff9208b8d0
[4333:Main Thread]: V/nsHttp nsHttpConnectionMgr::Init
[4333:Main Thread]: D/nsHttp nsHttpHandler::MakeNewRequestTokenBucket this=0xffff951bd000 child=0
[4333:Main Thread]: D/nsSocketTransport EventTokenBucket::SetRate 0xffff92095340 80 10
[4333:Main Thread]: D/nsSocketTransport STS dispatch [0xffff920a7b40]
[4333:Main Thread]: D/nsSocketTransport PollableEvent::Signal
[4333:Main Thread]: D/nsSocketTransport PollableEvent::Signal PR_Write 1
[4333:Socket Thread]: D/nsSocketTransport     ...returned after 1921 milliseconds
[4333:Socket Thread]: D/nsSocketTransport PollableEvent::Clear
[4333:Socket Thread]: D/nsSocketTransport PollableEvent::Signal PR_Read 1
[4333:Socket Thread]: D/nsSocketTransport STS dispatch [0xffff920a7bc0]
[4333:Socket Thread]: D/nsSocketTransport OnDispatchedEvent Same Thread Skip Signal
[4333:Socket Thread]: D/nsSocketTransport STS poll iter
[4333:Socket Thread]: D/nsSocketTransport   calling PR_Poll [active=0 idle=0]
[4333:Socket Thread]: D/nsSocketTransport     timeout = -1 milliseconds
[4333:Main Thread]: D/nsHttp NS_CompareLoadInfoAndLoadContext - loadInfo: 0, 0, 0; loadContext: 0 0, 0. [channel=0xffff8e37fb38]
Attempting load of libEGL.so

(firefox:4333): Gtk-WARNING **: Error loading theme icon 'edit-clear' for stock:

(firefox:4333): Gtk-WARNING **: Error loading theme icon 'view-sort-descending' for stock: Icon 'view-sort-descending' not present in theme gnome
[4333:Main Thread]: D/nsHttp NS_CompareLoadInfoAndLoadContext - loadInfo: 0, 0, 0; loadContext: 0 0, 0. [channel=0xffff879393b8]
[4333:Main Thread]: D/nsHttp NS_CompareLoadInfoAndLoadContext - loadInfo: 0, 0, 0; loadContext: 0 0, 0. [channel=0xffff8866bd98]
[4333:Main Thread]: D/nsHttp NS_CompareLoadInfoAndLoadContext - loadInfo: 0, 0, 0; loadContext: 0 0, 0. [channel=0xffff865f2538]
[4333:Main Thread]: D/nsHttp NS_CompareLoadInfoAndLoadContext - loadInfo: 0, 0, 0; loadContext: 0 0, 0. [channel=0xffff8866bee8]
[4333:Main Thread]: D/nsHttp NS_CompareLoadInfoAndLoadContext - loadInfo: 0, 0, 0; loadContext: 0 0, 0. [channel=0xffff865f2b38]
[4333:Main Thread]: D/nsHttp NS_CompareLoadInfoAndLoadContext - loadInfo: 0, 0, 0; loadContext: 0 0, 0. [channel=0xffff86581078]
[4333:Main Thread]: D/nsHttp NS_CompareLoadInfoAndLoadContext - loadInfo: 0, 0, 0; loadContext: 0 0, 0. [channel=0xffff865f3138]
[4333:Main Thread]: D/nsHttp NS_CompareLoadInfoAndLoadContext - loadInfo: 0, 0, 0; loadContext: 0 0, 0. [channel=0xffff865811c8]
[4333:Main Thread]: D/nsHttp NS_CompareLoadInfoAndLoadContext - loadInfo: 0, 0, 0; loadContext: 0 0, 0. [channel=0xffff865f3738]
[4333:Main Thread]: D/nsHttp NS_CompareLoadInfoAndLoadContext - loadInfo: 0, 0, 0; loadContext: 0 0, 0. [channel=0xffff86581318]
[4333:Main Thread]: D/nsHttp NS_CompareLoadInfoAndLoadContext - loadInfo: 0, 0, 0; loadContext: 0 0, 0. [channel=0xffff865f3d38]
[4333:Main Thread]: D/nsHttp NS_CompareLoadInfoAndLoadContext - loadInfo: 0, 0, 0; loadContext: 0 0, 0. [channel=0xffff86581468]
[4333:Main Thread]: D/nsHttp NS_CompareLoadInfoAndLoadContext - loadInfo: 0, 0, 0; loadContext: 0 0, 0. [channel=0xffff8793a2b8]
[4333:Main Thread]: D/nsHttp nsHttpHandler::BuildUserAgent
